[debug] [2021-12-14T16:20:14.080Z] ----------------------------------------------------------------------
[debug] [2021-12-14T16:20:14.083Z] Command:       C:\Program Files\nodejs\node.exe C:\Users\Acer\AppData\Roaming\npm\node_modules\firebase-tools\lib\bin\firebase.js emulators:start
[debug] [2021-12-14T16:20:14.083Z] CLI Version:   9.23.1
[debug] [2021-12-14T16:20:14.083Z] Platform:      win32
[debug] [2021-12-14T16:20:14.083Z] Node Version:  v14.17.3
[debug] [2021-12-14T16:20:14.084Z] Time:          Tue Dec 14 2021 21:50:14 GMT+0530 (India Standard Time)
[debug] [2021-12-14T16:20:14.084Z] ----------------------------------------------------------------------
[debug] 
[debug] [2021-12-14T16:20:14.166Z] > command requires scopes: ["email","openid","https://www.googleapis.com/auth/cloudplatformprojects.readonly","https://www.googleapis.com/auth/firebase","https://www.googleapis.com/auth/cloud-platform"]
[debug] [2021-12-14T16:20:14.166Z] > authorizing via signed-in user (rv17314@gmail.com)
[info] i  emulators: Starting emulators: functions, hosting {"metadata":{"emulator":{"name":"hub"},"message":"Starting emulators: functions, hosting"}}
[debug] [2021-12-14T16:20:14.204Z] [hub] writing locator at C:\Users\Acer\AppData\Local\Temp\hub-clone-163ee.json
[warn] !  functions: The following emulators are not running, calls to these services from the Functions emulator will affect production: auth, firestore, database, pubsub, storage {"metadata":{"emulator":{"name":"functions"},"message":"The following emulators are not running, calls to these services from the Functions emulator will affect production: \u001b[1mauth, firestore, database, pubsub, storage\u001b[22m"}}
[info] +  functions: Using node@14 from host. {"metadata":{"emulator":{"name":"functions"},"message":"Using node@14 from host."}}
[debug] [2021-12-14T16:20:14.240Z] defaultcredentials: writing to file C:\Users\Acer\AppData\Roaming\firebase\rv17314_gmail_com_application_default_credentials.json
[debug] [2021-12-14T16:20:14.245Z] Setting GAC to C:\Users\Acer\AppData\Roaming\firebase\rv17314_gmail_com_application_default_credentials.json {"metadata":{"emulator":{"name":"functions"},"message":"Setting GAC to C:\\Users\\Acer\\AppData\\Roaming\\firebase\\rv17314_gmail_com_application_default_credentials.json"}}
[debug] [2021-12-14T16:20:14.248Z] > refreshing access token with scopes: []
[debug] [2021-12-14T16:20:14.249Z] >>> HTTP REQUEST POST https://www.googleapis.com/oauth2/v3/token  
 <request body omitted>
[debug] [2021-12-14T16:20:14.580Z] <<< HTTP RESPONSE 200 {"expires":"Mon, 01 Jan 1990 00:00:00 GMT","cache-control":"no-cache, no-store, max-age=0, must-revalidate","pragma":"no-cache","date":"Tue, 14 Dec 2021 16:20:17 GMT","content-type":"application/json; charset=utf-8","vary":"X-Origin, Referer, Origin,Accept-Encoding","server":"scaffolding on HTTPServer2","x-xss-protection":"0","x-frame-options":"SAMEORIGIN","x-content-type-options":"nosniff","alt-svc":"h3=\":443\"; ma=2592000,h3-29=\":443\"; ma=2592000,h3-Q050=\":443\"; ma=2592000,h3-Q046=\":443\"; ma=2592000,h3-Q043=\":443\"; ma=2592000,quic=\":443\"; ma=2592000; v=\"46,43\"","accept-ranges":"none","transfer-encoding":"chunked"}
[debug] [2021-12-14T16:20:14.609Z] >>> [apiv2][query] GET https://firebase.googleapis.com/v1beta1/projects/clone-163ee/adminSdkConfig [none]
[debug] [2021-12-14T16:20:15.640Z] <<< [apiv2][status] GET https://firebase.googleapis.com/v1beta1/projects/clone-163ee/adminSdkConfig 200
[debug] [2021-12-14T16:20:15.641Z] <<< [apiv2][body] GET https://firebase.googleapis.com/v1beta1/projects/clone-163ee/adminSdkConfig {"projectId":"clone-163ee","storageBucket":"clone-163ee.appspot.com"}
[debug] [2021-12-14T16:20:15.661Z] >>> [apiv2][query] GET https://firebasehosting.googleapis.com/v1beta1/projects/clone-163ee/sites 
[debug] [2021-12-14T16:20:18.013Z] <<< [apiv2][status] GET https://firebasehosting.googleapis.com/v1beta1/projects/clone-163ee/sites 200
[debug] [2021-12-14T16:20:18.013Z] <<< [apiv2][body] GET https://firebasehosting.googleapis.com/v1beta1/projects/clone-163ee/sites {"sites":[{"name":"projects/626879109185/sites/clone-163ee","defaultUrl":"https://clone-163ee.web.app","appId":"1:626879109185:web:c7248529d307220ccc4ec0","type":"DEFAULT_SITE"}]}
[debug] [2021-12-14T16:20:18.013Z] >>> [apiv2][query] GET https://firebase.googleapis.com/v1beta1/projects/clone-163ee/webApps/1:626879109185:web:c7248529d307220ccc4ec0/config [none]
[debug] [2021-12-14T16:20:20.961Z] <<< [apiv2][status] GET https://firebase.googleapis.com/v1beta1/projects/clone-163ee/webApps/1:626879109185:web:c7248529d307220ccc4ec0/config 200
[debug] [2021-12-14T16:20:20.961Z] <<< [apiv2][body] GET https://firebase.googleapis.com/v1beta1/projects/clone-163ee/webApps/1:626879109185:web:c7248529d307220ccc4ec0/config {"projectId":"clone-163ee","appId":"1:626879109185:web:c7248529d307220ccc4ec0","storageBucket":"clone-163ee.appspot.com","apiKey":"AIzaSyBCh_yn9l70q2WPqZa3tcgh33PO46yL_wk","authDomain":"clone-163ee.firebaseapp.com","messagingSenderId":"626879109185","measurementId":"G-4TE1G42M79"}
[info] i  hosting: Serving hosting files from: build {"metadata":{"emulator":{"name":"hosting"},"message":"Serving hosting files from: \u001b[1mbuild\u001b[22m"}}
[info] +  hosting: Local server: http://localhost:5000 {"metadata":{"emulator":{"name":"hosting"},"message":"Local server: \u001b[4m\u001b[1mhttp://localhost:5000\u001b[22m\u001b[24m"}}
[info] i  ui: downloading ui-v1.6.4.zip... {"metadata":{"emulator":{"name":"ui"},"message":"downloading ui-v1.6.4.zip..."}}
[debug] [2021-12-14T16:20:21.011Z] >>> [apiv2][query] GET https://storage.googleapis.com/firebase-preview-drop/emulator/ui-v1.6.4.zip 
[debug] [2021-12-14T16:20:21.578Z] <<< [apiv2][status] GET https://storage.googleapis.com/firebase-preview-drop/emulator/ui-v1.6.4.zip 200
[debug] [2021-12-14T16:20:21.578Z] <<< [apiv2][body] GET https://storage.googleapis.com/firebase-preview-drop/emulator/ui-v1.6.4.zip [stream]
[debug] [2021-12-14T16:20:22.536Z] Ignoring unsupported arg: auto_download {"metadata":{"emulator":{"name":"ui"},"message":"Ignoring unsupported arg: auto_download"}}
[debug] [2021-12-14T16:20:22.536Z] Ignoring unsupported arg: port {"metadata":{"emulator":{"name":"ui"},"message":"Ignoring unsupported arg: port"}}
[debug] [2021-12-14T16:20:22.536Z] Starting Emulator UI with command {"binary":"node","args":["C:\\Users\\Acer\\.cache\\firebase\\emulators\\ui-v1.6.4\\server.bundle.js"],"optionalArgs":[],"joinArgs":false} {"metadata":{"emulator":{"name":"ui"},"message":"Starting Emulator UI with command {\"binary\":\"node\",\"args\":[\"C:\\\\Users\\\\Acer\\\\.cache\\\\firebase\\\\emulators\\\\ui-v1.6.4\\\\server.bundle.js\"],\"optionalArgs\":[],\"joinArgs\":false}"}}
[info] i  ui: Emulator UI logging to ui-debug.log {"metadata":{"emulator":{"name":"ui"},"message":"Emulator UI logging to \u001b[1mui-debug.log\u001b[22m"}}
[debug] [2021-12-14T16:20:22.693Z] Web / API server started at localhost:4000
 {"metadata":{"emulator":{"name":"ui"},"message":"Web / API server started at localhost:4000\n"}}
[info] i  functions: Watching "C:\Users\Acer\Documents\Web Development\Personal Projects\amazon\functions" for Cloud Functions... {"metadata":{"emulator":{"name":"functions"},"message":"Watching \"C:\\Users\\Acer\\Documents\\Web Development\\Personal Projects\\amazon\\functions\" for Cloud Functions..."}}
[debug] [2021-12-14T16:20:22.838Z] [worker-pool] addWorker(~diagnostic~) {"metadata":{"emulator":{"name":"functions"},"message":"[worker-pool] addWorker(~diagnostic~)"}}
[debug] [2021-12-14T16:20:22.838Z] [worker-pool] Adding worker with key ~diagnostic~, total=1 {"metadata":{"emulator":{"name":"functions"},"message":"[worker-pool] Adding worker with key ~diagnostic~, total=1"}}
[debug] [2021-12-14T16:20:22.839Z] [worker-pool] submitWork(triggerId=) {"metadata":{"emulator":{"name":"functions"},"message":"[worker-pool] submitWork(triggerId=)"}}
[debug] [2021-12-14T16:20:22.839Z] [worker-~diagnostic~-6a92ae7c-b9c5-4c7e-b030-fea70094af83]: Assigning socketPath: \\?\pipe\C:\Users\Acer\Documents\Web Development\Personal Projects\amazon\functions\20560 {"metadata":{"emulator":{"name":"functions"},"message":"[worker-~diagnostic~-6a92ae7c-b9c5-4c7e-b030-fea70094af83]: Assigning socketPath: \\\\?\\pipe\\C:\\Users\\Acer\\Documents\\Web Development\\Personal Projects\\amazon\\functions\\20560"}}
[debug] [2021-12-14T16:20:22.840Z] [worker-~diagnostic~-6a92ae7c-b9c5-4c7e-b030-fea70094af83]: BUSY {"metadata":{"emulator":{"name":"functions"},"message":"[worker-~diagnostic~-6a92ae7c-b9c5-4c7e-b030-fea70094af83]: BUSY"}}
[debug] [2021-12-14T16:20:23.069Z] [runtime-status] [20560] Functions runtime initialized. {"cwd":"C:\\Users\\Acer\\Documents\\Web Development\\Personal Projects\\amazon\\functions","node_version":"14.17.3"} {"metadata":{"emulator":{"name":"functions"},"message":"[runtime-status] [20560] Functions runtime initialized. {\"cwd\":\"C:\\\\Users\\\\Acer\\\\Documents\\\\Web Development\\\\Personal Projects\\\\amazon\\\\functions\",\"node_version\":\"14.17.3\"}"}}
[debug] [2021-12-14T16:20:23.070Z] [runtime-status] [20560] Disabled runtime features: undefined {"metadata":{"emulator":{"name":"functions"},"message":"[runtime-status] [20560] Disabled runtime features: undefined"}}
[debug] [2021-12-14T16:20:23.074Z] [runtime-status] [20560] Resolved module firebase-admin {"declared":true,"installed":true,"version":"9.12.0","resolution":"C:\\Users\\Acer\\Documents\\Web Development\\Personal Projects\\amazon\\functions\\node_modules\\firebase-admin\\lib\\index.js"} {"metadata":{"emulator":{"name":"functions"},"message":"[runtime-status] [20560] Resolved module firebase-admin {\"declared\":true,\"installed\":true,\"version\":\"9.12.0\",\"resolution\":\"C:\\\\Users\\\\Acer\\\\Documents\\\\Web Development\\\\Personal Projects\\\\amazon\\\\functions\\\\node_modules\\\\firebase-admin\\\\lib\\\\index.js\"}"}}
[debug] [2021-12-14T16:20:23.078Z] [runtime-status] [20560] Resolved module firebase-functions {"declared":true,"installed":true,"version":"3.16.0","resolution":"C:\\Users\\Acer\\Documents\\Web Development\\Personal Projects\\amazon\\functions\\node_modules\\firebase-functions\\lib\\index.js"} {"metadata":{"emulator":{"name":"functions"},"message":"[runtime-status] [20560] Resolved module firebase-functions {\"declared\":true,\"installed\":true,\"version\":\"3.16.0\",\"resolution\":\"C:\\\\Users\\\\Acer\\\\Documents\\\\Web Development\\\\Personal Projects\\\\amazon\\\\functions\\\\node_modules\\\\firebase-functions\\\\lib\\\\index.js\"}"}}
[debug] [2021-12-14T16:20:23.079Z] [runtime-status] [20560] Outgoing network have been stubbed. [{"name":"http","status":"mocked"},{"name":"http","status":"mocked"},{"name":"https","status":"mocked"},{"name":"https","status":"mocked"},{"name":"net","status":"mocked"}] {"metadata":{"emulator":{"name":"functions"},"message":"[runtime-status] [20560] Outgoing network have been stubbed. [{\"name\":\"http\",\"status\":\"mocked\"},{\"name\":\"http\",\"status\":\"mocked\"},{\"name\":\"https\",\"status\":\"mocked\"},{\"name\":\"https\",\"status\":\"mocked\"},{\"name\":\"net\",\"status\":\"mocked\"}]"}}
[debug] [2021-12-14T16:20:23.080Z] [runtime-status] [20560] Resolved module firebase-functions {"declared":true,"installed":true,"version":"3.16.0","resolution":"C:\\Users\\Acer\\Documents\\Web Development\\Personal Projects\\amazon\\functions\\node_modules\\firebase-functions\\lib\\index.js"} {"metadata":{"emulator":{"name":"functions"},"message":"[runtime-status] [20560] Resolved module firebase-functions {\"declared\":true,\"installed\":true,\"version\":\"3.16.0\",\"resolution\":\"C:\\\\Users\\\\Acer\\\\Documents\\\\Web Development\\\\Personal Projects\\\\amazon\\\\functions\\\\node_modules\\\\firebase-functions\\\\lib\\\\index.js\"}"}}
[debug] [2021-12-14T16:20:23.146Z] [runtime-status] [20560] Checked functions.config() {"config":{}} {"metadata":{"emulator":{"name":"functions"},"message":"[runtime-status] [20560] Checked functions.config() {\"config\":{}}"}}
[debug] [2021-12-14T16:20:23.147Z] [runtime-status] [20560] firebase-functions has been stubbed. {"functionsResolution":{"declared":true,"installed":true,"version":"3.16.0","resolution":"C:\\Users\\Acer\\Documents\\Web Development\\Personal Projects\\amazon\\functions\\node_modules\\firebase-functions\\lib\\index.js"}} {"metadata":{"emulator":{"name":"functions"},"message":"[runtime-status] [20560] firebase-functions has been stubbed. {\"functionsResolution\":{\"declared\":true,\"installed\":true,\"version\":\"3.16.0\",\"resolution\":\"C:\\\\Users\\\\Acer\\\\Documents\\\\Web Development\\\\Personal Projects\\\\amazon\\\\functions\\\\node_modules\\\\firebase-functions\\\\lib\\\\index.js\"}}"}}
[debug] [2021-12-14T16:20:23.147Z] [runtime-status] [20560] Resolved module firebase-functions {"declared":true,"installed":true,"version":"3.16.0","resolution":"C:\\Users\\Acer\\Documents\\Web Development\\Personal Projects\\amazon\\functions\\node_modules\\firebase-functions\\lib\\index.js"} {"metadata":{"emulator":{"name":"functions"},"message":"[runtime-status] [20560] Resolved module firebase-functions {\"declared\":true,\"installed\":true,\"version\":\"3.16.0\",\"resolution\":\"C:\\\\Users\\\\Acer\\\\Documents\\\\Web Development\\\\Personal Projects\\\\amazon\\\\functions\\\\node_modules\\\\firebase-functions\\\\lib\\\\index.js\"}"}}
[debug] [2021-12-14T16:20:23.149Z] [runtime-status] [20560] Resolved module firebase-admin {"declared":true,"installed":true,"version":"9.12.0","resolution":"C:\\Users\\Acer\\Documents\\Web Development\\Personal Projects\\amazon\\functions\\node_modules\\firebase-admin\\lib\\index.js"} {"metadata":{"emulator":{"name":"functions"},"message":"[runtime-status] [20560] Resolved module firebase-admin {\"declared\":true,\"installed\":true,\"version\":\"9.12.0\",\"resolution\":\"C:\\\\Users\\\\Acer\\\\Documents\\\\Web Development\\\\Personal Projects\\\\amazon\\\\functions\\\\node_modules\\\\firebase-admin\\\\lib\\\\index.js\"}"}}
[debug] [2021-12-14T16:20:23.150Z] [runtime-status] [20560] Resolved module firebase-functions {"declared":true,"installed":true,"version":"3.16.0","resolution":"C:\\Users\\Acer\\Documents\\Web Development\\Personal Projects\\amazon\\functions\\node_modules\\firebase-functions\\lib\\index.js"} {"metadata":{"emulator":{"name":"functions"},"message":"[runtime-status] [20560] Resolved module firebase-functions {\"declared\":true,\"installed\":true,\"version\":\"3.16.0\",\"resolution\":\"C:\\\\Users\\\\Acer\\\\Documents\\\\Web Development\\\\Personal Projects\\\\amazon\\\\functions\\\\node_modules\\\\firebase-functions\\\\lib\\\\index.js\"}"}}
[debug] [2021-12-14T16:20:23.150Z] [runtime-status] [20560] firebase-admin has been stubbed. {"adminResolution":{"declared":true,"installed":true,"version":"9.12.0","resolution":"C:\\Users\\Acer\\Documents\\Web Development\\Personal Projects\\amazon\\functions\\node_modules\\firebase-admin\\lib\\index.js"}} {"metadata":{"emulator":{"name":"functions"},"message":"[runtime-status] [20560] firebase-admin has been stubbed. {\"adminResolution\":{\"declared\":true,\"installed\":true,\"version\":\"9.12.0\",\"resolution\":\"C:\\\\Users\\\\Acer\\\\Documents\\\\Web Development\\\\Personal Projects\\\\amazon\\\\functions\\\\node_modules\\\\firebase-admin\\\\lib\\\\index.js\"}}"}}
[warn] !  Error: Cannot find module '.env'
Require stack:
- C:\Users\Acer\Documents\Web Development\Personal Projects\amazon\functions\index.js
- C:\Users\Acer\AppData\Roaming\npm\node_modules\firebase-tools\lib\emulator\functionsEmulatorRuntime.js
    at Function.Module._resolveFilename (internal/modules/cjs/loader.js:902:15)
    at Function.Module._load (internal/modules/cjs/loader.js:746:27)
    at Module.require (internal/modules/cjs/loader.js:974:19)
    at require (internal/modules/cjs/helpers.js:92:18)
    at Object.<anonymous> (C:\Users\Acer\Documents\Web Development\Personal Projects\amazon\functions\index.js:1:1)
    at Module._compile (internal/modules/cjs/loader.js:1085:14)
    at Object.Module._extensions..js (internal/modules/cjs/loader.js:1114:10)
    at Module.load (internal/modules/cjs/loader.js:950:32)
    at Function.Module._load (internal/modules/cjs/loader.js:790:14)
    at Module.require (internal/modules/cjs/loader.js:974:19) {"metadata":{"emulator":{"name":"functions"},"message":"Error: Cannot find module '.env'\nRequire stack:\n- C:\\Users\\Acer\\Documents\\Web Development\\Personal Projects\\amazon\\functions\\index.js\n- C:\\Users\\Acer\\AppData\\Roaming\\npm\\node_modules\\firebase-tools\\lib\\emulator\\functionsEmulatorRuntime.js\n    at Function.Module._resolveFilename (internal/modules/cjs/loader.js:902:15)\n    at Function.Module._load (internal/modules/cjs/loader.js:746:27)\n    at Module.require (internal/modules/cjs/loader.js:974:19)\n    at require (internal/modules/cjs/helpers.js:92:18)\n    at Object.<anonymous> (C:\\Users\\Acer\\Documents\\Web Development\\Personal Projects\\amazon\\functions\\index.js:1:1)\n    at Module._compile (internal/modules/cjs/loader.js:1085:14)\n    at Object.Module._extensions..js (internal/modules/cjs/loader.js:1114:10)\n    at Module.load (internal/modules/cjs/loader.js:950:32)\n    at Function.Module._load (internal/modules/cjs/loader.js:790:14)\n    at Module.require (internal/modules/cjs/loader.js:974:19)"}}
[warn] !  We were unable to load your functions code. (see above) {"metadata":{"emulator":{"name":"functions"}}}
[debug] [2021-12-14T16:20:23.188Z] [worker-~diagnostic~-6a92ae7c-b9c5-4c7e-b030-fea70094af83]: exited {"metadata":{"emulator":{"name":"functions"},"message":"[worker-~diagnostic~-6a92ae7c-b9c5-4c7e-b030-fea70094af83]: exited"}}
[debug] [2021-12-14T16:20:23.188Z] [worker-~diagnostic~-6a92ae7c-b9c5-4c7e-b030-fea70094af83]: FINISHED {"metadata":{"emulator":{"name":"functions"},"message":"[worker-~diagnostic~-6a92ae7c-b9c5-4c7e-b030-fea70094af83]: FINISHED"}}
[debug] [2021-12-14T16:29:48.916Z] File C:\Users\Acer\Documents\Web Development\Personal Projects\amazon\functions\index.js changed, reloading triggers {"metadata":{"emulator":{"name":"functions"},"message":"File C:\\Users\\Acer\\Documents\\Web Development\\Personal Projects\\amazon\\functions\\index.js changed, reloading triggers"}}
[debug] [2021-12-14T16:29:49.918Z] [worker-pool] Cleaned up workers for ~diagnostic~: 1 --> 0 {"metadata":{"emulator":{"name":"functions"},"message":"[worker-pool] Cleaned up workers for ~diagnostic~: 1 --> 0"}}
[debug] [2021-12-14T16:29:49.924Z] [worker-pool] addWorker(~diagnostic~) {"metadata":{"emulator":{"name":"functions"},"message":"[worker-pool] addWorker(~diagnostic~)"}}
[debug] [2021-12-14T16:29:49.924Z] [worker-pool] Adding worker with key ~diagnostic~, total=1 {"metadata":{"emulator":{"name":"functions"},"message":"[worker-pool] Adding worker with key ~diagnostic~, total=1"}}
[debug] [2021-12-14T16:29:49.924Z] [worker-pool] submitWork(triggerId=) {"metadata":{"emulator":{"name":"functions"},"message":"[worker-pool] submitWork(triggerId=)"}}
[debug] [2021-12-14T16:29:49.924Z] [worker-~diagnostic~-c35e6d66-b2d0-4fc8-a7d0-caf358a78edd]: Assigning socketPath: \\?\pipe\C:\Users\Acer\Documents\Web Development\Personal Projects\amazon\functions\17636 {"metadata":{"emulator":{"name":"functions"},"message":"[worker-~diagnostic~-c35e6d66-b2d0-4fc8-a7d0-caf358a78edd]: Assigning socketPath: \\\\?\\pipe\\C:\\Users\\Acer\\Documents\\Web Development\\Personal Projects\\amazon\\functions\\17636"}}
[debug] [2021-12-14T16:29:49.924Z] [worker-~diagnostic~-c35e6d66-b2d0-4fc8-a7d0-caf358a78edd]: BUSY {"metadata":{"emulator":{"name":"functions"},"message":"[worker-~diagnostic~-c35e6d66-b2d0-4fc8-a7d0-caf358a78edd]: BUSY"}}
[debug] [2021-12-14T16:29:50.161Z] [runtime-status] [17636] Functions runtime initialized. {"cwd":"C:\\Users\\Acer\\Documents\\Web Development\\Personal Projects\\amazon\\functions","node_version":"14.17.3"} {"metadata":{"emulator":{"name":"functions"},"message":"[runtime-status] [17636] Functions runtime initialized. {\"cwd\":\"C:\\\\Users\\\\Acer\\\\Documents\\\\Web Development\\\\Personal Projects\\\\amazon\\\\functions\",\"node_version\":\"14.17.3\"}"}}
[debug] [2021-12-14T16:29:50.164Z] [runtime-status] [17636] Disabled runtime features: undefined {"metadata":{"emulator":{"name":"functions"},"message":"[runtime-status] [17636] Disabled runtime features: undefined"}}
[debug] [2021-12-14T16:29:50.169Z] [runtime-status] [17636] Resolved module firebase-admin {"declared":true,"installed":true,"version":"9.12.0","resolution":"C:\\Users\\Acer\\Documents\\Web Development\\Personal Projects\\amazon\\functions\\node_modules\\firebase-admin\\lib\\index.js"} {"metadata":{"emulator":{"name":"functions"},"message":"[runtime-status] [17636] Resolved module firebase-admin {\"declared\":true,\"installed\":true,\"version\":\"9.12.0\",\"resolution\":\"C:\\\\Users\\\\Acer\\\\Documents\\\\Web Development\\\\Personal Projects\\\\amazon\\\\functions\\\\node_modules\\\\firebase-admin\\\\lib\\\\index.js\"}"}}
[debug] [2021-12-14T16:29:50.173Z] [runtime-status] [17636] Resolved module firebase-functions {"declared":true,"installed":true,"version":"3.16.0","resolution":"C:\\Users\\Acer\\Documents\\Web Development\\Personal Projects\\amazon\\functions\\node_modules\\firebase-functions\\lib\\index.js"} {"metadata":{"emulator":{"name":"functions"},"message":"[runtime-status] [17636] Resolved module firebase-functions {\"declared\":true,\"installed\":true,\"version\":\"3.16.0\",\"resolution\":\"C:\\\\Users\\\\Acer\\\\Documents\\\\Web Development\\\\Personal Projects\\\\amazon\\\\functions\\\\node_modules\\\\firebase-functions\\\\lib\\\\index.js\"}"}}
[debug] [2021-12-14T16:29:50.175Z] [runtime-status] [17636] Outgoing network have been stubbed. [{"name":"http","status":"mocked"},{"name":"http","status":"mocked"},{"name":"https","status":"mocked"},{"name":"https","status":"mocked"},{"name":"net","status":"mocked"}] {"metadata":{"emulator":{"name":"functions"},"message":"[runtime-status] [17636] Outgoing network have been stubbed. [{\"name\":\"http\",\"status\":\"mocked\"},{\"name\":\"http\",\"status\":\"mocked\"},{\"name\":\"https\",\"status\":\"mocked\"},{\"name\":\"https\",\"status\":\"mocked\"},{\"name\":\"net\",\"status\":\"mocked\"}]"}}
[debug] [2021-12-14T16:29:50.177Z] [runtime-status] [17636] Resolved module firebase-functions {"declared":true,"installed":true,"version":"3.16.0","resolution":"C:\\Users\\Acer\\Documents\\Web Development\\Personal Projects\\amazon\\functions\\node_modules\\firebase-functions\\lib\\index.js"} {"metadata":{"emulator":{"name":"functions"},"message":"[runtime-status] [17636] Resolved module firebase-functions {\"declared\":true,\"installed\":true,\"version\":\"3.16.0\",\"resolution\":\"C:\\\\Users\\\\Acer\\\\Documents\\\\Web Development\\\\Personal Projects\\\\amazon\\\\functions\\\\node_modules\\\\firebase-functions\\\\lib\\\\index.js\"}"}}
[debug] [2021-12-14T16:29:50.251Z] [runtime-status] [17636] Checked functions.config() {"config":{}} {"metadata":{"emulator":{"name":"functions"},"message":"[runtime-status] [17636] Checked functions.config() {\"config\":{}}"}}
[debug] [2021-12-14T16:29:50.251Z] [runtime-status] [17636] firebase-functions has been stubbed. {"functionsResolution":{"declared":true,"installed":true,"version":"3.16.0","resolution":"C:\\Users\\Acer\\Documents\\Web Development\\Personal Projects\\amazon\\functions\\node_modules\\firebase-functions\\lib\\index.js"}} {"metadata":{"emulator":{"name":"functions"},"message":"[runtime-status] [17636] firebase-functions has been stubbed. {\"functionsResolution\":{\"declared\":true,\"installed\":true,\"version\":\"3.16.0\",\"resolution\":\"C:\\\\Users\\\\Acer\\\\Documents\\\\Web Development\\\\Personal Projects\\\\amazon\\\\functions\\\\node_modules\\\\firebase-functions\\\\lib\\\\index.js\"}}"}}
[debug] [2021-12-14T16:29:50.252Z] [runtime-status] [17636] Resolved module firebase-functions {"declared":true,"installed":true,"version":"3.16.0","resolution":"C:\\Users\\Acer\\Documents\\Web Development\\Personal Projects\\amazon\\functions\\node_modules\\firebase-functions\\lib\\index.js"} {"metadata":{"emulator":{"name":"functions"},"message":"[runtime-status] [17636] Resolved module firebase-functions {\"declared\":true,\"installed\":true,\"version\":\"3.16.0\",\"resolution\":\"C:\\\\Users\\\\Acer\\\\Documents\\\\Web Development\\\\Personal Projects\\\\amazon\\\\functions\\\\node_modules\\\\firebase-functions\\\\lib\\\\index.js\"}"}}
[debug] [2021-12-14T16:29:50.254Z] [runtime-status] [17636] Resolved module firebase-admin {"declared":true,"installed":true,"version":"9.12.0","resolution":"C:\\Users\\Acer\\Documents\\Web Development\\Personal Projects\\amazon\\functions\\node_modules\\firebase-admin\\lib\\index.js"} {"metadata":{"emulator":{"name":"functions"},"message":"[runtime-status] [17636] Resolved module firebase-admin {\"declared\":true,\"installed\":true,\"version\":\"9.12.0\",\"resolution\":\"C:\\\\Users\\\\Acer\\\\Documents\\\\Web Development\\\\Personal Projects\\\\amazon\\\\functions\\\\node_modules\\\\firebase-admin\\\\lib\\\\index.js\"}"}}
[debug] [2021-12-14T16:29:50.255Z] [runtime-status] [17636] Resolved module firebase-functions {"declared":true,"installed":true,"version":"3.16.0","resolution":"C:\\Users\\Acer\\Documents\\Web Development\\Personal Projects\\amazon\\functions\\node_modules\\firebase-functions\\lib\\index.js"} {"metadata":{"emulator":{"name":"functions"},"message":"[runtime-status] [17636] Resolved module firebase-functions {\"declared\":true,\"installed\":true,\"version\":\"3.16.0\",\"resolution\":\"C:\\\\Users\\\\Acer\\\\Documents\\\\Web Development\\\\Personal Projects\\\\amazon\\\\functions\\\\node_modules\\\\firebase-functions\\\\lib\\\\index.js\"}"}}
[debug] [2021-12-14T16:29:50.255Z] [runtime-status] [17636] firebase-admin has been stubbed. {"adminResolution":{"declared":true,"installed":true,"version":"9.12.0","resolution":"C:\\Users\\Acer\\Documents\\Web Development\\Personal Projects\\amazon\\functions\\node_modules\\firebase-admin\\lib\\index.js"}} {"metadata":{"emulator":{"name":"functions"},"message":"[runtime-status] [17636] firebase-admin has been stubbed. {\"adminResolution\":{\"declared\":true,\"installed\":true,\"version\":\"9.12.0\",\"resolution\":\"C:\\\\Users\\\\Acer\\\\Documents\\\\Web Development\\\\Personal Projects\\\\amazon\\\\functions\\\\node_modules\\\\firebase-admin\\\\lib\\\\index.js\"}}"}}
[info] +  functions[us-central1-api]: http function initialized (http://localhost:5001/clone-163ee/us-central1/api). {"metadata":{"emulator":{"name":"functions"},"message":"\u001b[1mhttp\u001b[22m function initialized (http://localhost:5001/clone-163ee/us-central1/api)."}}
[debug] [2021-12-14T16:29:50.465Z] [worker-~diagnostic~-c35e6d66-b2d0-4fc8-a7d0-caf358a78edd]: IDLE {"metadata":{"emulator":{"name":"functions"},"message":"[worker-~diagnostic~-c35e6d66-b2d0-4fc8-a7d0-caf358a78edd]: IDLE"}}
